Determining if the pthread_create exist failed with the following output:
Change Dir: /home/hunter/devel/vision_processing/row_segmentation/build/CMakeFiles/CMakeTmp

Run Build Command:"/usr/bin/make" "cmTC_80e11/fast"
/usr/bin/make -f CMakeFiles/cmTC_80e11.dir/build.make CMakeFiles/cmTC_80e11.dir/build
make[1]: Entering directory '/home/hunter/devel/vision_processing/row_segmentation/build/CMakeFiles/CMakeTmp'
Building C object CMakeFiles/cmTC_80e11.dir/CheckSymbolExists.c.o
/usr/bin/cc     -o CMakeFiles/cmTC_80e11.dir/CheckSymbolExists.c.o   -c /home/hunter/devel/vision_processing/row_segmentation/build/CMakeFiles/CMakeTmp/CheckSymbolExists.c
Linking C executable cmTC_80e11
/usr/bin/cmake -E cmake_link_script CMakeFiles/cmTC_80e11.dir/link.txt --verbose=1
/usr/bin/cc       CMakeFiles/cmTC_80e11.dir/CheckSymbolExists.c.o  -o cmTC_80e11 -rdynamic 
CMakeFiles/cmTC_80e11.dir/CheckSymbolExists.c.o: In function `main':
CheckSymbolExists.c:(.text+0x16): undefined reference to `pthread_create'
collect2: error: ld returned 1 exit status
CMakeFiles/cmTC_80e11.dir/build.make:97: recipe for target 'cmTC_80e11' failed
make[1]: *** [cmTC_80e11] Error 1
make[1]: Leaving directory '/home/hunter/devel/vision_processing/row_segmentation/build/CMakeFiles/CMakeTmp'
Makefile:126: recipe for target 'cmTC_80e11/fast' failed
make: *** [cmTC_80e11/fast] Error 2

File /home/hunter/devel/vision_processing/row_segmentation/build/CMakeFiles/CMakeTmp/CheckSymbolExists.c:
/* */
#include <pthread.h>

int main(int argc, char** argv)
{
  (void)argv;
#ifndef pthread_create
  return ((int*)(&pthread_create))[argc];
#else
  (void)argc;
  return 0;
#endif
}

Determining if the function pthread_create exists in the pthreads failed with the following output:
Change Dir: /home/hunter/devel/vision_processing/row_segmentation/build/CMakeFiles/CMakeTmp

Run Build Command:"/usr/bin/make" "cmTC_cc562/fast"
/usr/bin/make -f CMakeFiles/cmTC_cc562.dir/build.make CMakeFiles/cmTC_cc562.dir/build
make[1]: Entering directory '/home/hunter/devel/vision_processing/row_segmentation/build/CMakeFiles/CMakeTmp'
Building C object CMakeFiles/cmTC_cc562.dir/CheckFunctionExists.c.o
/usr/bin/cc    -DCHECK_FUNCTION_EXISTS=pthread_create   -o CMakeFiles/cmTC_cc562.dir/CheckFunctionExists.c.o   -c /usr/share/cmake-3.5/Modules/CheckFunctionExists.c
Linking C executable cmTC_cc562
/usr/bin/cmake -E cmake_link_script CMakeFiles/cmTC_cc562.dir/link.txt --verbose=1
/usr/bin/cc   -DCHECK_FUNCTION_EXISTS=pthread_create    CMakeFiles/cmTC_cc562.dir/CheckFunctionExists.c.o  -o cmTC_cc562 -rdynamic -lpthreads 
/usr/bin/ld: cannot find -lpthreads
collect2: error: ld returned 1 exit status
CMakeFiles/cmTC_cc562.dir/build.make:97: recipe for target 'cmTC_cc562' failed
make[1]: *** [cmTC_cc562] Error 1
make[1]: Leaving directory '/home/hunter/devel/vision_processing/row_segmentation/build/CMakeFiles/CMakeTmp'
Makefile:126: recipe for target 'cmTC_cc562/fast' failed
make: *** [cmTC_cc562/fast] Error 2


